<?xml version="1.0" encoding="UTF-8"?>
<!-- Generated by org.testng.reporters.JUnitReportReporter -->
<testsuite skipped="0" hostname="Nithesh-Gowda" name="testNg.DoubleclickAction" tests="1" failures="0" timestamp="2020-06-03T11:47:19 IST" time="14.410" errors="0">
  <testcase name="copyPasteText" time="14.410" classname="testNg.DoubleclickAction"/>
  <system-out/>
</testsuite> <!-- testNg.DoubleclickAction -->
