<?xml version="1.0" encoding="UTF-8"?>
<!-- Generated by org.testng.reporters.JUnitReportReporter -->
<testsuite skipped="0" hostname="Nithesh-Gowda" name="day6.ProvideData" tests="2" failures="0" timestamp="2020-07-27T19:40:52 IST" time="0.032" errors="0">
  <testcase name="readData" time="0.006" classname="day6.ProvideData"/>
  <system-out/>
  <testcase name="readData" time="0.026" classname="day6.ProvideData"/>
  <system-out/>
</testsuite> <!-- day6.ProvideData -->
