<?xml version="1.0" encoding="UTF-8"?>
<!-- Generated by org.testng.reporters.JUnitReportReporter -->
<testsuite skipped="0" hostname="Nithesh-Gowda" name="day6.BeforeMAndAfterM" tests="2" failures="0" timestamp="2020-07-27T16:48:06 IST" time="0.038" errors="0">
  <testcase name="test2" time="0.011" classname="day6.BeforeMAndAfterM"/>
  <system-out/>
  <testcase name="test1" time="0.027" classname="day6.BeforeMAndAfterM"/>
  <system-out/>
</testsuite> <!-- day6.BeforeMAndAfterM -->
