<?xml version="1.0" encoding="UTF-8"?>
<!-- Generated by org.testng.reporters.JUnitReportReporter -->
<testsuite skipped="0" hostname="Nithesh-Gowda" name="day6.TestNGExample" tests="5" failures="0" timestamp="2020-07-27T16:31:13 IST" time="0.052" errors="0">
  <testcase name="createAccount" time="0.032" classname="day6.TestNGExample"/>
  <system-out/>
  <testcase name="createAccount" time="0.005" classname="day6.TestNGExample"/>
  <system-out/>
  <testcase name="deleteAccount" time="0.003" classname="day6.TestNGExample"/>
  <system-out/>
  <testcase name="createAccount" time="0.007" classname="day6.TestNGExample"/>
  <system-out/>
  <testcase name="editAccount" time="0.005" classname="day6.TestNGExample"/>
  <system-out/>
</testsuite> <!-- day6.TestNGExample -->
