<?xml version="1.0" encoding="UTF-8"?>
<!-- Generated by org.testng.reporters.JUnitReportReporter -->
<testsuite skipped="0" hostname="Nithesh-Gowda" name="test.SimpleTest" tests="1" failures="0" timestamp="2020-08-02T11:10:09 IST" time="9.355" errors="0">
  <testcase name="getWeather" time="9.355" classname="test.SimpleTest"/>
  <system-out/>
</testsuite> <!-- test.SimpleTest -->
