<?xml version="1.0" encoding="UTF-8"?>
<!-- Generated by org.testng.reporters.JUnitReportReporter -->
<testsuite skipped="0" hostname="Nithesh-Gowda" name="test.AuthenticationBasics" tests="1" failures="0" timestamp="2020-08-02T19:25:41 IST" time="5.876" errors="0">
  <testcase name="test" time="5.876" classname="test.AuthenticationBasics"/>
  <system-out/>
</testsuite> <!-- test.AuthenticationBasics -->
