<?xml version="1.0" encoding="UTF-8"?>
<!-- Generated by org.testng.reporters.JUnitReportReporter -->
<testsuite skipped="0" hostname="Nithesh-Gowda" name="test.Amazon" tests="1" failures="0" timestamp="2020-08-02T16:47:06 IST" time="8.162" errors="0">
  <testcase name="amazonTest" time="8.162" classname="test.Amazon"/>
  <system-out/>
</testsuite> <!-- test.Amazon -->
