<?xml version="1.0" encoding="UTF-8"?>
<!-- Generated by org.testng.reporters.JUnitReportReporter -->
<testsuite skipped="0" hostname="Nithesh-Gowda" name="test.QueryParameterRequest" tests="1" failures="0" timestamp="2020-08-02T21:24:29 IST" time="6.775" errors="0">
  <testcase name="QueryTest" time="6.775" classname="test.QueryParameterRequest"/>
  <system-out/>
</testsuite> <!-- test.QueryParameterRequest -->
