<?xml version="1.0" encoding="UTF-8"?>
<!-- Generated by org.testng.reporters.JUnitReportReporter -->
<testsuite skipped="0" hostname="Nithesh-Gowda" name="test.HassanWeather" tests="1" failures="0" timestamp="2020-08-02T12:12:20 IST" time="7.970" errors="0">
  <testcase name="getWeather" time="7.970" classname="test.HassanWeather"/>
  <system-out/>
</testsuite> <!-- test.HassanWeather -->
