<?xml version="1.0" encoding="UTF-8"?>
<!-- Generated by org.testng.reporters.JUnitReportReporter -->
<testsuite skipped="0" hostname="Nithesh-Gowda" name="com.vTigerMaven.AppTest" tests="1" failures="0" timestamp="08 Jun 2020 06:40:01 GMT" time="0.008" errors="0">
  <testcase name="shouldAnswerWithTrue" time="0.008" classname="com.vTigerMaven.AppTest"/>
</testsuite> <!-- com.vTigerMaven.AppTest -->
