<?xml version="1.0" encoding="UTF-8"?>
<!-- Generated by org.testng.reporters.JUnitReportReporter -->
<testsuite skipped="0" hostname="Nithesh-Gowda" name="dataProvider.DataProvideFromExcel" tests="2" failures="0" timestamp="2020-08-01T17:19:52 IST" time="0.020" errors="0">
  <testcase name="details" time="0.014" classname="dataProvider.DataProvideFromExcel"/>
  <system-out/>
  <testcase name="details" time="0.006" classname="dataProvider.DataProvideFromExcel"/>
  <system-out/>
</testsuite> <!-- dataProvider.DataProvideFromExcel -->
