<?xml version="1.0" encoding="UTF-8"?>
<!-- Generated by org.testng.reporters.JUnitReportReporter -->
<testsuite skipped="0" hostname="Nithesh-Gowda" name="com.orangeHRM.testscript.Demo" tests="1" failures="0" timestamp="2020-07-21T20:31:09 IST" time="12.943" errors="0">
  <testcase name="demoTest" time="12.943" classname="com.orangeHRM.testscript.Demo"/>
  <system-out/>
</testsuite> <!-- com.orangeHRM.testscript.Demo -->
