<?xml version="1.0" encoding="UTF-8"?>
<!-- Generated by org.testng.reporters.JUnitReportReporter -->
<testsuite skipped="0" hostname="Nithesh-Gowda" name="com.rmg.pathAndQueryparamter.AuthTest" tests="1" failures="0" timestamp="17 Aug 2020 16:55:41 GMT" time="6.409" errors="0">
  <testcase name="test" time="6.409" classname="com.rmg.pathAndQueryparamter.AuthTest"/>
</testsuite> <!-- com.rmg.pathAndQueryparamter.AuthTest -->
