<?xml version="1.0" encoding="UTF-8"?>
<!-- Generated by org.testng.reporters.JUnitReportReporter -->
<testsuite skipped="0" hostname="Nithesh-Gowda" name="com.rmg.Serialization.CreateProjectBDD" tests="1" failures="0" timestamp="18 Aug 2020 05:12:40 GMT" time="179.560" errors="0">
  <testcase name="createProject" time="179.560" classname="com.rmg.Serialization.CreateProjectBDD"/>
</testsuite> <!-- com.rmg.Serialization.CreateProjectBDD -->
