<?xml version="1.0" encoding="UTF-8"?>
<!-- Generated by org.testng.reporters.JUnitReportReporter -->
<testsuite skipped="0" hostname="Nithesh-Gowda" name="com.rmg.Validation.ResponseBodyValidation" tests="1" failures="0" timestamp="18 Aug 2020 02:27:46 GMT" time="8.084" errors="0">
  <testcase name="validateBody" time="8.084" classname="com.rmg.Validation.ResponseBodyValidation"/>
</testsuite> <!-- com.rmg.Validation.ResponseBodyValidation -->
