<?xml version="1.0" encoding="UTF-8"?>
<!-- Generated by org.testng.reporters.JUnitReportReporter -->
<testsuite skipped="0" hostname="Nithesh-Gowda" name="com.rmg.Validation.ResponseHeaderValidation" tests="1" failures="0" timestamp="18 Aug 2020 02:16:44 GMT" time="15.131" errors="0">
  <testcase name="validateHeader" time="15.131" classname="com.rmg.Validation.ResponseHeaderValidation"/>
</testsuite> <!-- com.rmg.Validation.ResponseHeaderValidation -->
