<?xml version="1.0" encoding="UTF-8"?>
<!-- Generated by org.testng.reporters.JUnitReportReporter -->
<testsuite skipped="0" hostname="Nithesh-Gowda" name="com.rmg.createProject.CreateProject" tests="1" failures="0" timestamp="17 Aug 2020 12:19:32 GMT" time="7.157" errors="0">
  <testcase name="getProject" time="7.157" classname="com.rmg.createProject.CreateProject"/>
</testsuite> <!-- com.rmg.createProject.CreateProject -->
