<?xml version="1.0" encoding="UTF-8"?>
<!-- Generated by org.testng.reporters.JUnitReportReporter -->
<testsuite skipped="0" hostname="Nithesh-Gowda" name="com.rmg.crudtest.getproject2" tests="1" failures="0" timestamp="17 Aug 2020 13:23:21 GMT" time="4.447" errors="0">
  <testcase name="getallProject" time="4.447" classname="com.rmg.crudtest.getproject2"/>
</testsuite> <!-- com.rmg.crudtest.getproject2 -->
