<?xml version="1.0" encoding="UTF-8"?>
<!-- Generated by org.testng.reporters.JUnitReportReporter -->
<testsuite skipped="0" hostname="Nithesh-Gowda" name="com.rmg.Validation.ExtractjsonBody" tests="1" failures="0" timestamp="18 Aug 2020 02:48:55 GMT" time="8.616" errors="0">
  <testcase name="validateJsonPath" time="8.616" classname="com.rmg.Validation.ExtractjsonBody"/>
</testsuite> <!-- com.rmg.Validation.ExtractjsonBody -->
