<?xml version="1.0" encoding="UTF-8"?>
<!-- Generated by org.testng.reporters.JUnitReportReporter -->
<testsuite skipped="0" hostname="Nithesh-Gowda" name="com.rmg.PostCrud.Sample_project" tests="1" failures="0" timestamp="17 Aug 2020 13:36:57 GMT" time="14.376" errors="0">
  <testcase name="createProject" time="14.376" classname="com.rmg.PostCrud.Sample_project"/>
</testsuite> <!-- com.rmg.PostCrud.Sample_project -->
