<?xml version="1.0" encoding="UTF-8"?>
<!-- Generated by org.testng.reporters.JUnitReportReporter -->
<testsuite skipped="0" hostname="Nithesh-Gowda" name="com.rmg.updateproject.Updateproject" tests="1" failures="0" timestamp="17 Aug 2020 14:43:27 GMT" time="5.516" errors="0">
  <testcase name="update" time="5.516" classname="com.rmg.updateproject.Updateproject"/>
</testsuite> <!-- com.rmg.updateproject.Updateproject -->
