<?xml version="1.0" encoding="UTF-8"?>
<!-- Generated by org.testng.reporters.JUnitReportReporter -->
<testsuite skipped="0" hostname="Nithesh-Gowda" name="com.rmg.pathAndQueryparamter.QueryParameters" tests="1" failures="0" timestamp="17 Aug 2020 14:56:42 GMT" time="5.609" errors="0">
  <testcase name="query" time="5.609" classname="com.rmg.pathAndQueryparamter.QueryParameters"/>
</testsuite> <!-- com.rmg.pathAndQueryparamter.QueryParameters -->
