<?xml version="1.0" encoding="UTF-8"?>
<!-- Generated by org.testng.reporters.JUnitReportReporter -->
<testsuite skipped="0" hostname="Nithesh-Gowda" name="com.rmg.deleteCrud.DeleteProject" tests="1" failures="0" timestamp="17 Aug 2020 14:19:53 GMT" time="19.959" errors="0">
  <testcase name="deleteProjec" time="19.959" classname="com.rmg.deleteCrud.DeleteProject"/>
</testsuite> <!-- com.rmg.deleteCrud.DeleteProject -->
