<?xml version="1.0" encoding="UTF-8"?>
<!-- Generated by org.testng.reporters.JUnitReportReporter -->
<testsuite skipped="0" hostname="Nithesh-Gowda" name="com.rmg.database.Testdatabase" tests="1" failures="0" timestamp="18 Aug 2020 05:27:50 GMT" time="1.265" errors="0">
  <testcase name="testDB" time="1.265" classname="com.rmg.database.Testdatabase"/>
</testsuite> <!-- com.rmg.database.Testdatabase -->
