<?xml version="1.0" encoding="UTF-8"?>
<!-- Generated by org.testng.reporters.JUnitReportReporter -->
<testsuite skipped="0" hostname="Nithesh-Gowda" name="com.rmg.Validation.ResponsepropertyTransfer" tests="1" failures="0" timestamp="18 Aug 2020 02:58:47 GMT" time="23.135" errors="0">
  <testcase name="transferProperty" time="23.135" classname="com.rmg.Validation.ResponsepropertyTransfer"/>
</testsuite> <!-- com.rmg.Validation.ResponsepropertyTransfer -->
