<?xml version="1.0" encoding="UTF-8"?>
<!-- Generated by org.testng.reporters.JUnitReportReporter -->
<testsuite skipped="0" hostname="Nithesh-Gowda" name="com.rmg.crudtest.GetAllProject1" tests="1" failures="0" timestamp="17 Aug 2020 13:11:52 GMT" time="4.957" errors="0">
  <testcase name="allProject" time="4.957" classname="com.rmg.crudtest.GetAllProject1"/>
</testsuite> <!-- com.rmg.crudtest.GetAllProject1 -->
