<?xml version="1.0" encoding="UTF-8"?>
<!-- Generated by org.testng.reporters.JUnitReportReporter -->
<testsuite skipped="0" hostname="Nithesh-Gowda" name="com.rmg.crudtest.GetAllProject" tests="1" failures="0" timestamp="17 Aug 2020 07:32:44 GMT" time="12.625" errors="0">
  <testcase name="getAllProject" time="12.625" classname="com.rmg.crudtest.GetAllProject"/>
</testsuite> <!-- com.rmg.crudtest.GetAllProject -->
