<?xml version="1.0" encoding="UTF-8"?>
<!-- Generated by org.testng.reporters.JUnitReportReporter -->
<testsuite skipped="0" hostname="Nithesh-Gowda" name="com.rmg.pathAndQueryparamter.Formdata" tests="1" failures="0" timestamp="17 Aug 2020 17:13:17 GMT" time="7.274" errors="0">
  <testcase name="formData" time="7.274" classname="com.rmg.pathAndQueryparamter.Formdata"/>
</testsuite> <!-- com.rmg.pathAndQueryparamter.Formdata -->
