<?xml version="1.0" encoding="UTF-8"?>
<!-- Generated by org.testng.reporters.JUnitReportReporter -->
<testsuite skipped="0" hostname="Nithesh-Gowda" name="com.rmg.pathAndQueryparamter.GetAllProjectFromGit" tests="1" failures="0" timestamp="19 Aug 2020 04:42:59 GMT" time="19.992" errors="0">
  <testcase name="getAllrepo" time="19.992" classname="com.rmg.pathAndQueryparamter.GetAllProjectFromGit"/>
</testsuite> <!-- com.rmg.pathAndQueryparamter.GetAllProjectFromGit -->
