<?xml version="1.0" encoding="UTF-8"?>
<!-- Generated by org.testng.reporters.JUnitReportReporter -->
<testsuite skipped="0" hostname="Nithesh-Gowda" name="com.rmg.PostCrud.CreateprojectBDD" tests="1" failures="0" timestamp="17 Aug 2020 13:54:59 GMT" time="5.265" errors="0">
  <testcase name="createProject" time="5.265" classname="com.rmg.PostCrud.CreateprojectBDD"/>
</testsuite> <!-- com.rmg.PostCrud.CreateprojectBDD -->
