<?xml version="1.0" encoding="UTF-8"?>
<!-- Generated by org.testng.reporters.JUnitReportReporter -->
<testsuite skipped="0" hostname="Nithesh-Gowda" name="com.rmg.deleteCrud.DeleteProjectBDD" tests="1" failures="0" timestamp="17 Aug 2020 14:24:48 GMT" time="4.564" errors="0">
  <testcase name="deleteProject" time="4.564" classname="com.rmg.deleteCrud.DeleteProjectBDD"/>
</testsuite> <!-- com.rmg.deleteCrud.DeleteProjectBDD -->
