<?xml version="1.0" encoding="UTF-8"?>
<!-- Generated by org.testng.reporters.JUnitReportReporter -->
<testsuite skipped="0" hostname="Nithesh-Gowda" name="com.rmg.crudtest.GetAllRepo" tests="1" failures="0" timestamp="17 Aug 2020 12:58:29 GMT" time="5.419" errors="0">
  <testcase name="getAllrepo" time="5.419" classname="com.rmg.crudtest.GetAllRepo"/>
</testsuite> <!-- com.rmg.crudtest.GetAllRepo -->
