<?xml version="1.0" encoding="UTF-8"?>
<!-- Generated by org.testng.reporters.JUnitReportReporter -->
<testsuite skipped="0" hostname="Nithesh-Gowda" name="com.restAssured.Test.CreateSingleProject" tests="1" failures="0" timestamp="19 Aug 2020 03:03:15 GMT" time="6.477" errors="0">
  <testcase name="createProjectAndCompairStatusInDataBas" time="6.477" classname="com.restAssured.Test.CreateSingleProject"/>
</testsuite> <!-- com.restAssured.Test.CreateSingleProject -->
