<?xml version="1.0" encoding="UTF-8"?>
<!-- Generated by org.testng.reporters.JUnitReportReporter -->
<testsuite skipped="0" hostname="Nithesh-Gowda" name="com.restAssured.Test.CreateProjectTest" tests="1" failures="0" timestamp="19 Aug 2020 03:16:57 GMT" time="11.648" errors="0">
  <testcase name="createproject" time="11.648" classname="com.restAssured.Test.CreateProjectTest"/>
</testsuite> <!-- com.restAssured.Test.CreateProjectTest -->
