<?xml version="1.0" encoding="UTF-8"?>
<!-- Generated by org.testng.reporters.JUnitReportReporter -->
<testsuite skipped="0" hostname="Nithesh-Gowda" name="com.restAssured.Test.Createproject" tests="1" failures="0" timestamp="18 Aug 2020 17:17:45 GMT" time="15.690" errors="0">
  <testcase name="createproject" time="15.690" classname="com.restAssured.Test.Createproject"/>
</testsuite> <!-- com.restAssured.Test.Createproject -->
