<?xml version="1.0" encoding="UTF-8"?>
<!-- Generated by org.testng.reporters.JUnitReportReporter -->
<testsuite skipped="0" hostname="Nithesh-Gowda" name="com.restAssured.Test.GetAllproject" tests="1" failures="0" timestamp="19 Aug 2020 04:08:08 GMT" time="15.790" errors="0">
  <testcase name="getAllProjectTest" time="15.790" classname="com.restAssured.Test.GetAllproject"/>
</testsuite> <!-- com.restAssured.Test.GetAllproject -->
