<?xml version="1.0" encoding="UTF-8"?>
<!-- Generated by org.testng.reporters.JUnitReportReporter -->
<testsuite skipped="0" hostname="Nithesh-Gowda" name="com.Nithesh.ExtentReport.Eg1" tests="2" failures="0" timestamp="2020-08-09T23:02:55 IST" time="1.636" errors="0">
  <testcase name="test2" time="0.616" classname="com.Nithesh.ExtentReport.Eg1"/>
  <system-out/>
  <testcase name="test1" time="1.020" classname="com.Nithesh.ExtentReport.Eg1"/>
  <system-out/>
</testsuite> <!-- com.Nithesh.ExtentReport.Eg1 -->
