<?xml version="1.0" encoding="UTF-8"?>
<!-- Generated by org.testng.reporters.JUnitReportReporter -->
<testsuite skipped="0" hostname="Nithesh-Gowda" name="com.Nithesh.OrgTest.CreateOrganizationTest" tests="2" failures="0" timestamp="2020-08-06T20:09:04 IST" time="86.729" errors="0">
  <testcase name="createOrganizationTest" time="42.039" classname="com.Nithesh.OrgTest.CreateOrganizationTest"/>
  <system-out/>
  <testcase name="createOrganizationByorgNameTest" time="44.690" classname="com.Nithesh.OrgTest.CreateOrganizationTest"/>
  <system-out/>
</testsuite> <!-- com.Nithesh.OrgTest.CreateOrganizationTest -->
