<?xml version="1.0" encoding="UTF-8"?>
<!-- Generated by org.testng.reporters.JUnitReportReporter -->
<testsuite skipped="0" hostname="Nithesh-Gowda" name="com.Nithesh.OrgTest.DebugTest" tests="1" failures="0" timestamp="2020-08-07T21:26:02 IST" time="299.816" errors="0">
  <testcase name="test" time="299.816" classname="com.Nithesh.OrgTest.DebugTest"/>
  <system-out/>
</testsuite> <!-- com.Nithesh.OrgTest.DebugTest -->
