<?xml version="1.0" encoding="UTF-8"?>
<!-- Generated by org.testng.reporters.JUnitReportReporter -->
<testsuite skipped="0" hostname="Nithesh-Gowda" name="com.Nithesh.contactTest.CreateContactTest" tests="1" failures="0" timestamp="2020-08-07T08:56:05 IST" time="89.762" errors="0">
  <testcase name="createcontactTest" time="89.762" classname="com.Nithesh.contactTest.CreateContactTest"/>
  <system-out/>
</testsuite> <!-- com.Nithesh.contactTest.CreateContactTest -->
