<?xml version="1.0" encoding="UTF-8"?>
<!-- Generated by org.testng.reporters.JUnitReportReporter -->
<testsuite skipped="0" hostname="Nithesh-Gowda" name="com.Nithesh.OrgTest.CreateContactTest" tests="1" failures="0" timestamp="2020-08-06T21:46:44 IST" time="94.391" errors="0">
  <testcase name="createcontactTest" time="94.391" classname="com.Nithesh.OrgTest.CreateContactTest"/>
  <system-out/>
</testsuite> <!-- com.Nithesh.OrgTest.CreateContactTest -->
