<?xml version="1.0" encoding="UTF-8"?>
<!-- Generated by org.testng.reporters.JUnitReportReporter -->
<testsuite skipped="0" hostname="Nithesh-Gowda" name="com.vTiger.testscripts.CreateLeadTest" tests="1" failures="0" timestamp="2020-06-06T09:49:00 IST" time="48.286" errors="0">
  <testcase name="createLead" time="48.286" classname="com.vTiger.testscripts.CreateLeadTest"/>
  <system-out/>
</testsuite> <!-- com.vTiger.testscripts.CreateLeadTest -->
