<?xml version="1.0" encoding="UTF-8"?>
<!-- Generated by org.testng.reporters.JUnitReportReporter -->
<testsuite skipped="0" hostname="Nithesh-Gowda" name="com.vTiger.testscripts.CreateProductTest" tests="1" failures="0" timestamp="2020-06-06T09:34:59 IST" time="39.673" errors="0">
  <testcase name="createproduct" time="39.673" classname="com.vTiger.testscripts.CreateProductTest"/>
  <system-out/>
</testsuite> <!-- com.vTiger.testscripts.CreateProductTest -->
