<?xml version="1.0" encoding="UTF-8"?>
<!-- Generated by org.testng.reporters.JUnitReportReporter -->
<testsuite skipped="0" hostname="Nithesh-Gowda" name="com.vTiger.testscripts.CreateContactTest" tests="2" failures="0" timestamp="2020-06-06T07:12:36 IST" time="75.502" errors="0">
  <testcase name="createContact" time="37.668" classname="com.vTiger.testscripts.CreateContactTest"/>
  <system-out/>
  <testcase name="createContact" time="37.834" classname="com.vTiger.testscripts.CreateContactTest"/>
  <system-out/>
</testsuite> <!-- com.vTiger.testscripts.CreateContactTest -->
