<?xml version="1.0" encoding="UTF-8"?>
<!-- Generated by org.testng.reporters.JUnitReportReporter -->
<testsuite skipped="1" hostname="Nithesh-Gowda" name="commonData.ReadData" tests="1" failures="0" timestamp="2020-06-04T16:50:42 IST" time="0.000" errors="0">
  <testcase name="test" time="0.000" classname="commonData.ReadData">
    <skipped/>
  </testcase> <!-- test -->
  <system-out/>
</testsuite> <!-- commonData.ReadData -->
