<?xml version="1.0" encoding="UTF-8"?>
<!-- Generated by org.testng.reporters.JUnitReportReporter -->
<testsuite skipped="0" hostname="Nithesh-Gowda" name="com.NewApp.Test.LoginAndLogoutTest" tests="1" failures="0" timestamp="2020-08-16T19:09:26 IST" time="67.022" errors="0">
  <testcase name="test" time="67.022" classname="com.NewApp.Test.LoginAndLogoutTest"/>
  <system-out/>
</testsuite> <!-- com.NewApp.Test.LoginAndLogoutTest -->
