<?xml version="1.0" encoding="UTF-8"?>
<!-- Generated by org.testng.reporters.JUnitReportReporter -->
<testsuite skipped="0" hostname="Nithesh-Gowda" name="com.vTiger.testscripts.DeleteVendorTest" tests="1" failures="0" timestamp="08 Jun 2020 06:40:01 GMT" time="14.602" errors="0">
  <testcase name="deletevendor" time="14.602" classname="com.vTiger.testscripts.DeleteVendorTest"/>
</testsuite> <!-- com.vTiger.testscripts.DeleteVendorTest -->
