<?xml version="1.0" encoding="UTF-8"?>
<!-- Generated by org.testng.reporters.JUnitReportReporter -->
<testsuite skipped="0" hostname="Nithesh-Gowda" name="com.vTiger.testscripts.CreateLeadTest" tests="2" failures="0" timestamp="08 Jun 2020 06:40:01 GMT" time="48.534" errors="0">
  <testcase name="createLead" time="21.357" classname="com.vTiger.testscripts.CreateLeadTest"/>
  <testcase name="createLead" time="27.177" classname="com.vTiger.testscripts.CreateLeadTest"/>
</testsuite> <!-- com.vTiger.testscripts.CreateLeadTest -->
