<?xml version="1.0" encoding="UTF-8"?>
<!-- Generated by org.testng.reporters.JUnitReportReporter -->
<testsuite skipped="0" hostname="Nithesh-Gowda" name="com.vTiger.testscripts.CreateContactTest" tests="2" failures="0" timestamp="08 Jun 2020 06:40:01 GMT" time="46.602" errors="0">
  <testcase name="createContact" time="19.557" classname="com.vTiger.testscripts.CreateContactTest"/>
  <testcase name="createContact" time="27.045" classname="com.vTiger.testscripts.CreateContactTest"/>
</testsuite> <!-- com.vTiger.testscripts.CreateContactTest -->
