<?xml version="1.0" encoding="UTF-8"?>
<!-- Generated by org.testng.reporters.JUnitReportReporter -->
<testsuite skipped="0" hostname="Nithesh-Gowda" name="com.vTiger.testscripts.DeleteLeadTest" tests="1" failures="0" timestamp="08 Jun 2020 06:40:01 GMT" time="14.737" errors="0">
  <testcase name="deleteLead" time="14.737" classname="com.vTiger.testscripts.DeleteLeadTest"/>
</testsuite> <!-- com.vTiger.testscripts.DeleteLeadTest -->
