<?xml version="1.0" encoding="UTF-8"?>
<!-- Generated by org.testng.reporters.JUnitReportReporter -->
<testsuite skipped="0" hostname="Nithesh-Gowda" name="com.vTiger.testscripts.CreateOrganizationTest" tests="1" failures="0" timestamp="08 Jun 2020 06:40:01 GMT" time="22.459" errors="0">
  <testcase name="createOrganization" time="22.459" classname="com.vTiger.testscripts.CreateOrganizationTest"/>
</testsuite> <!-- com.vTiger.testscripts.CreateOrganizationTest -->
